[0.057s] Invoking command in '/home/dayvson/ros2_study_ws/build/cpp_pubsub': CMAKE_PREFIX_PATH=${CMAKE_PREFIX_PATH}:/home/dayvson/ros2_study_ws/install/my_package_python:/opt/ros/galactic /usr/bin/cmake --build /home/dayvson/ros2_study_ws/build/cpp_pubsub -- -j12 -l12
[1.065s] [ 50%] [32mBuilding CXX object CMakeFiles/talker.dir/src/publisher_member_function.cpp.o[0m
[3.039s] [01m[K/home/dayvson/ros2_study_ws/src/cpp_pubsub/src/publisher_member_function.cpp:33:13:[m[K [01;31m[Kerror: [m[Kâ€˜[01m[KTImerBase[m[Kâ€™ in namespace â€˜[01m[Krclcpp[m[Kâ€™ does not name a type; did you mean â€˜[01m[KTimerBase[m[Kâ€™?
[3.040s]    33 |     rclcpp::[01;31m[KTImerBase[m[K::SharePtr timer_;
[3.040s]       |             [01;31m[K^~~~~~~~~[m[K
[3.041s]       |             [32m[KTimerBase[m[K
[3.045s] [01m[K/home/dayvson/ros2_study_ws/src/cpp_pubsub/src/publisher_member_function.cpp:34:47:[m[K [01;31m[Kerror: [m[Kâ€˜[01m[KSharePtr[m[Kâ€™ in â€˜[01m[Kclass rclcpp::Publisher<std_msgs::msg::String_<std::allocator<void> > >[m[Kâ€™ does not name a type
[3.045s]    34 |     rclcpp::Publisher<std_msgs::msg::String>::[01;31m[KSharePtr[m[K publisher_;
[3.046s]       |                                               [01;31m[K^~~~~~~~[m[K
[3.051s] [01m[K/home/dayvson/ros2_study_ws/src/cpp_pubsub/src/publisher_member_function.cpp:[m[K In constructor â€˜[01m[KMinimalPublisher::MinimalPublisher()[m[Kâ€™:
[3.051s] [01m[K/home/dayvson/ros2_study_ws/src/cpp_pubsub/src/publisher_member_function.cpp:20:9:[m[K [01;31m[Kerror: [m[Kâ€˜[01m[Kpublisher_[m[Kâ€™ was not declared in this scope; did you mean â€˜[01m[Krcl_publisher_t[m[Kâ€™?
[3.052s]    20 |         [01;31m[Kpublisher_[m[K = this->create_publisher<std_msgs::msg::Strin>("topic", 10);
[3.052s]       |         [01;31m[K^~~~~~~~~~[m[K
[3.052s]       |         [32m[Krcl_publisher_t[m[K
[3.053s] [01m[K/home/dayvson/ros2_study_ws/src/cpp_pubsub/src/publisher_member_function.cpp:20:60:[m[K [01;31m[Kerror: [m[Kâ€˜[01m[KStrin[m[Kâ€™ is not a member of â€˜[01m[Kstd_msgs::msg[m[Kâ€™; did you mean â€˜[01m[KString[m[Kâ€™?
[3.053s]    20 |         publisher_ = this->create_publisher<std_msgs::msg::[01;31m[KStrin[m[K>("topic", 10);
[3.053s]       |                                                            [01;31m[K^~~~~[m[K
[3.053s]       |                                                            [32m[KString[m[K
[3.054s] [01m[K/home/dayvson/ros2_study_ws/src/cpp_pubsub/src/publisher_member_function.cpp:20:78:[m[K [01;31m[Kerror: [m[Kno matching function for call to â€˜[01m[KMinimalPublisher::create_publisher<<expression error> >(const char [6], int)[m[Kâ€™
[3.054s]    20 |         publisher_ = this->create_publisher<std_msgs::msg::Strin>("topic", 10[01;31m[K)[m[K;
[3.055s]       |                                                                              [01;31m[K^[m[K
[3.055s] In file included from [01m[K/opt/ros/galactic/include/rclcpp/executors/single_threaded_executor.hpp:28[m[K,
[3.055s]                  from [01m[K/opt/ros/galactic/include/rclcpp/executors.hpp:22[m[K,
[3.055s]                  from [01m[K/opt/ros/galactic/include/rclcpp/rclcpp.hpp:156[m[K,
[3.056s]                  from [01m[K/home/dayvson/ros2_study_ws/src/cpp_pubsub/src/publisher_member_function.cpp:6[m[K:
[3.056s] [01m[K/opt/ros/galactic/include/rclcpp/node.hpp:200:3:[m[K [01;36m[Knote: [m[Kcandidate: â€˜[01m[Ktemplate<class MessageT, class AllocatorT, class PublisherT> std::shared_ptr<PublisherT> rclcpp::Node::create_publisher(const string&, const rclcpp::QoS&, const rclcpp::PublisherOptionsWithAllocator<AllocatorT>&)[m[Kâ€™
[3.056s]   200 |   [01;36m[Kcreate_publisher[m[K(
[3.056s]       |   [01;36m[K^~~~~~~~~~~~~~~~[m[K
[3.057s] [01m[K/opt/ros/galactic/include/rclcpp/node.hpp:200:3:[m[K [01;36m[Knote: [m[K  template argument deduction/substitution failed:
[3.057s] [01m[K/home/dayvson/ros2_study_ws/src/cpp_pubsub/src/publisher_member_function.cpp:20:78:[m[K [01;31m[Kerror: [m[Ktemplate argument 1 is invalid
[3.057s]    20 |         publisher_ = this->create_publisher<std_msgs::msg::Strin>("topic", 10[01;31m[K)[m[K;
[3.057s]       |                                                                              [01;31m[K^[m[K
[3.058s] [01m[K/home/dayvson/ros2_study_ws/src/cpp_pubsub/src/publisher_member_function.cpp:21:9:[m[K [01;31m[Kerror: [m[Kâ€˜[01m[Ktimer_[m[Kâ€™ was not declared in this scope; did you mean â€˜[01m[Ktimer_t[m[Kâ€™?
[3.058s]    21 |         [01;31m[Ktimer_[m[K = this->create_wall_timer(
[3.058s]       |         [01;31m[K^~~~~~[m[K
[3.058s]       |         [32m[Ktimer_t[m[K
[3.073s] [01m[K/home/dayvson/ros2_study_ws/src/cpp_pubsub/src/publisher_member_function.cpp:[m[K In member function â€˜[01m[Kvoid MinimalPublisher::timer_callback()[m[Kâ€™:
[3.073s] [01m[K/home/dayvson/ros2_study_ws/src/cpp_pubsub/src/publisher_member_function.cpp:29:48:[m[K [01;31m[Kerror: [m[Kâ€˜[01m[Kto_strig[m[Kâ€™ is not a member of â€˜[01m[Kstd[m[Kâ€™; did you mean â€˜[01m[Kto_string[m[Kâ€™?
[3.073s]    29 |         message.data = "Hello, world! " + std::[01;31m[Kto_strig[m[K(count_++);
[3.073s]       |                                                [01;31m[K^~~~~~~~[m[K
[3.074s]       |                                                [32m[Kto_string[m[K
[3.078s] [01m[K/home/dayvson/ros2_study_ws/src/cpp_pubsub/src/publisher_member_function.cpp:31:9:[m[K [01;31m[Kerror: [m[Kâ€˜[01m[Kpublisher_[m[Kâ€™ was not declared in this scope; did you mean â€˜[01m[Krcl_publisher_t[m[Kâ€™?
[3.078s]    31 |         [01;31m[Kpublisher_[m[K->publish(message);
[3.079s]       |         [01;31m[K^~~~~~~~~~[m[K
[3.079s]       |         [32m[Krcl_publisher_t[m[K
[3.935s] make[2]: *** [CMakeFiles/talker.dir/build.make:63: CMakeFiles/talker.dir/src/publisher_member_function.cpp.o] Error 1
[3.936s] make[1]: *** [CMakeFiles/Makefile2:78: CMakeFiles/talker.dir/all] Error 2
[3.936s] make: *** [Makefile:141: all] Error 2
[3.939s] Invoked command in '/home/dayvson/ros2_study_ws/build/cpp_pubsub' returned '2': CMAKE_PREFIX_PATH=${CMAKE_PREFIX_PATH}:/home/dayvson/ros2_study_ws/install/my_package_python:/opt/ros/galactic /usr/bin/cmake --build /home/dayvson/ros2_study_ws/build/cpp_pubsub -- -j12 -l12
