[0.267s] Invoking command in '/home/dayvson/ros2_study_ws/build/cpp_pubsub': CMAKE_PREFIX_PATH=${CMAKE_PREFIX_PATH}:/home/dayvson/ros2_study_ws/install/my_package_python:/opt/ros/galactic /usr/bin/cmake /home/dayvson/ros2_study_ws/src/cpp_pubsub -DCMAKE_INSTALL_PREFIX=/home/dayvson/ros2_study_ws/install/cpp_pubsub
[6.061s] -- The C compiler identification is GNU 9.4.0
[9.697s] -- The CXX compiler identification is GNU 9.4.0
[10.042s] -- Check for working C compiler: /usr/bin/cc
[10.234s] -- Check for working C compiler: /usr/bin/cc -- works
[10.252s] -- Detecting C compiler ABI info
[10.449s] -- Detecting C compiler ABI info - done
[10.469s] -- Detecting C compile features
[10.470s] -- Detecting C compile features - done
[10.484s] -- Check for working CXX compiler: /usr/bin/c++
[10.608s] -- Check for working CXX compiler: /usr/bin/c++ -- works
[10.611s] -- Detecting CXX compiler ABI info
[10.747s] -- Detecting CXX compiler ABI info - done
[10.765s] -- Detecting CXX compile features
[10.767s] -- Detecting CXX compile features - done
[10.816s] -- Found ament_cmake: 1.1.5 (/opt/ros/galactic/share/ament_cmake/cmake)
[10.943s] -- Found PythonInterp: /usr/bin/python3 (found suitable version "3.8.10", minimum required is "3") 
[10.944s] -- Using PYTHON_EXECUTABLE: /usr/bin/python3
[11.623s] -- Found rclcpp: 9.2.0 (/opt/ros/galactic/share/rclcpp/cmake)
[11.792s] -- Using all available rosidl_typesupport_c: rosidl_typesupport_fastrtps_c;rosidl_typesupport_introspection_c
[11.806s] -- Found rosidl_adapter: 2.2.1 (/opt/ros/galactic/share/rosidl_adapter/cmake)
[13.099s] -- Found OpenSSL: /usr/lib/x86_64-linux-gnu/libcrypto.so (found version "1.1.1f")  
[13.151s] -- Found FastRTPS: /opt/ros/galactic/include  
[13.379s] -- Using all available rosidl_typesupport_cpp: rosidl_typesupport_fastrtps_cpp;rosidl_typesupport_introspection_cpp
[13.535s] -- Found rmw_implementation_cmake: 3.3.1 (/opt/ros/galactic/share/rmw_implementation_cmake/cmake)
[13.548s] -- Found rmw_cyclonedds_cpp: 0.22.4 (/opt/ros/galactic/share/rmw_cyclonedds_cpp/cmake)
[13.594s] -- Using RMW implementation 'rmw_cyclonedds_cpp' as default
[13.721s] -- Looking for pthread.h
[14.104s] -- Looking for pthread.h - found
[14.104s] -- Performing Test CMAKE_HAVE_LIBC_PTHREAD
[14.412s] -- Performing Test CMAKE_HAVE_LIBC_PTHREAD - Failed
[14.413s] -- Looking for pthread_create in pthreads
[14.579s] -- Looking for pthread_create in pthreads - not found
[14.580s] -- Looking for pthread_create in pthread
[14.707s] -- Looking for pthread_create in pthread - found
[14.710s] -- Found Threads: TRUE  
[15.013s] -- Found ament_lint_auto: 0.10.6 (/opt/ros/galactic/share/ament_lint_auto/cmake)
[15.242s] -- Added test 'copyright' to check source files copyright and LICENSE
[15.247s] -- Added test 'cppcheck' to perform static code analysis on C / C++ code
[15.248s] -- Configured cppcheck include dirs: 
[15.248s] -- Configured cppcheck exclude dirs and/or files: 
[15.251s] -- Added test 'cpplint' to check C / C++ code against the Google style
[15.251s] -- Configured cpplint exclude dirs and/or files: 
[15.255s] -- Added test 'lint_cmake' to check CMake code style
[15.261s] -- Added test 'uncrustify' to check C / C++ code style
[15.261s] -- Configured uncrustify additional arguments: 
[15.264s] -- Added test 'xmllint' to check XML markup files
[15.323s] -- Configuring done
[15.346s] -- Generating done
[15.349s] -- Build files have been written to: /home/dayvson/ros2_study_ws/build/cpp_pubsub
[15.366s] Invoked command in '/home/dayvson/ros2_study_ws/build/cpp_pubsub' returned '0': CMAKE_PREFIX_PATH=${CMAKE_PREFIX_PATH}:/home/dayvson/ros2_study_ws/install/my_package_python:/opt/ros/galactic /usr/bin/cmake /home/dayvson/ros2_study_ws/src/cpp_pubsub -DCMAKE_INSTALL_PREFIX=/home/dayvson/ros2_study_ws/install/cpp_pubsub
[15.373s] Invoking command in '/home/dayvson/ros2_study_ws/build/cpp_pubsub': CMAKE_PREFIX_PATH=${CMAKE_PREFIX_PATH}:/home/dayvson/ros2_study_ws/install/my_package_python:/opt/ros/galactic /usr/bin/cmake --build /home/dayvson/ros2_study_ws/build/cpp_pubsub -- -j12 -l12
[15.444s] [35m[1mScanning dependencies of target talker[0m
[18.212s] [ 50%] [32mBuilding CXX object CMakeFiles/talker.dir/src/publisher_member_function.cpp.o[0m
[22.286s] [01m[K/home/dayvson/ros2_study_ws/src/cpp_pubsub/src/publisher_member_function.cpp:32:13:[m[K [01;31m[Kerror: [m[Kâ€˜[01m[KTImerBase[m[Kâ€™ in namespace â€˜[01m[Krclcpp[m[Kâ€™ does not name a type; did you mean â€˜[01m[KTimerBase[m[Kâ€™?
[22.286s]    32 |     rclcpp::[01;31m[KTImerBase[m[K::SharePtr timer_;
[22.286s]       |             [01;31m[K^~~~~~~~~[m[K
[22.287s]       |             [32m[KTimerBase[m[K
[22.290s] [01m[K/home/dayvson/ros2_study_ws/src/cpp_pubsub/src/publisher_member_function.cpp:33:47:[m[K [01;31m[Kerror: [m[Kâ€˜[01m[KSharePtr[m[Kâ€™ in â€˜[01m[Kclass rclcpp::Publisher<std_msgs::msg::String_<std::allocator<void> > >[m[Kâ€™ does not name a type
[22.290s]    33 |     rclcpp::Publisher<std_msgs::msg::String>::[01;31m[KSharePtr[m[K publisher_;
[22.291s]       |                                               [01;31m[K^~~~~~~~[m[K
[22.295s] [01m[K/home/dayvson/ros2_study_ws/src/cpp_pubsub/src/publisher_member_function.cpp:[m[K In constructor â€˜[01m[KMinimalPublisher::MinimalPublisher()[m[Kâ€™:
[22.295s] [01m[K/home/dayvson/ros2_study_ws/src/cpp_pubsub/src/publisher_member_function.cpp:20:9:[m[K [01;31m[Kerror: [m[Kâ€˜[01m[Kpublisher_[m[Kâ€™ was not declared in this scope; did you mean â€˜[01m[Krcl_publisher_t[m[Kâ€™?
[22.296s]    20 |         [01;31m[Kpublisher_[m[K = this->create_publisher < std_msgs : msg::String > ("topic", 10);
[22.296s]       |         [01;31m[K^~~~~~~~~~[m[K
[22.296s]       |         [32m[Krcl_publisher_t[m[K
[22.296s] [01m[K/home/dayvson/ros2_study_ws/src/cpp_pubsub/src/publisher_member_function.cpp:20:56:[m[K [01;31m[Kerror: [m[Kfound â€˜[01m[K:[m[Kâ€™ in nested-name-specifier, expected â€˜[01m[K::[m[Kâ€™
[22.296s]    20 |         publisher_ = this->create_publisher < std_msgs [01;31m[K:[m[K msg::String > ("topic", 10);
[22.296s]       |                                                        [01;31m[K^[m[K
[22.296s]       |                                                        [32m[K::[m[K
[22.302s] [01m[K/home/dayvson/ros2_study_ws/src/cpp_pubsub/src/publisher_member_function.cpp:21:9:[m[K [01;31m[Kerror: [m[Kâ€˜[01m[Ktimer_[m[Kâ€™ was not declared in this scope; did you mean â€˜[01m[Ktimer_t[m[Kâ€™?
[22.302s]    21 |         [01;31m[Ktimer_[m[K = this->create_wall_timer(500ms, std::bind(&MinimalPublisher::timer_callback, this));
[22.302s]       |         [01;31m[K^~~~~~[m[K
[22.302s]       |         [32m[Ktimer_t[m[K
[22.317s] [01m[K/home/dayvson/ros2_study_ws/src/cpp_pubsub/src/publisher_member_function.cpp:[m[K In member function â€˜[01m[Kvoid MinimalPublisher::timer_callback()[m[Kâ€™:
[22.317s] [01m[K/home/dayvson/ros2_study_ws/src/cpp_pubsub/src/publisher_member_function.cpp:27:34:[m[K [01;31m[Kerror: [m[Kâ€˜[01m[Kstd_msgs::msgs[m[Kâ€™ has not been declared
[22.318s]    27 |         auto message = std_msgs::[01;31m[Kmsgs[m[K::String();
[22.318s]       |                                  [01;31m[K^~~~[m[K
[22.319s] [01m[K/home/dayvson/ros2_study_ws/src/cpp_pubsub/src/publisher_member_function.cpp:28:48:[m[K [01;31m[Kerror: [m[Kâ€˜[01m[Kto_strig[m[Kâ€™ is not a member of â€˜[01m[Kstd[m[Kâ€™; did you mean â€˜[01m[Kto_string[m[Kâ€™?
[22.319s]    28 |         message.data = "Hello, world! " + std::[01;31m[Kto_strig[m[K(count_++);
[22.319s]       |                                                [01;31m[K^~~~~~~~[m[K
[22.319s]       |                                                [32m[Kto_string[m[K
[22.323s] [01m[K/home/dayvson/ros2_study_ws/src/cpp_pubsub/src/publisher_member_function.cpp:30:9:[m[K [01;31m[Kerror: [m[Kâ€˜[01m[Kpublisher_[m[Kâ€™ was not declared in this scope; did you mean â€˜[01m[Krcl_publisher_t[m[Kâ€™?
[22.324s]    30 |         [01;31m[Kpublisher_[m[K->publish(message);
[22.324s]       |         [01;31m[K^~~~~~~~~~[m[K
[22.325s]       |         [32m[Krcl_publisher_t[m[K
[24.090s] make[2]: *** [CMakeFiles/talker.dir/build.make:63: CMakeFiles/talker.dir/src/publisher_member_function.cpp.o] Error 1
[24.091s] make[1]: *** [CMakeFiles/Makefile2:78: CMakeFiles/talker.dir/all] Error 2
[24.091s] make: *** [Makefile:141: all] Error 2
[24.687s] Invoked command in '/home/dayvson/ros2_study_ws/build/cpp_pubsub' returned '2': CMAKE_PREFIX_PATH=${CMAKE_PREFIX_PATH}:/home/dayvson/ros2_study_ws/install/my_package_python:/opt/ros/galactic /usr/bin/cmake --build /home/dayvson/ros2_study_ws/build/cpp_pubsub -- -j12 -l12
