[0.065s] Invoking command in '/home/dayvson/ros2_study_ws/build/cpp_pubsub': CMAKE_PREFIX_PATH=${CMAKE_PREFIX_PATH}:/home/dayvson/ros2_study_ws/install/my_package_python:/opt/ros/galactic /usr/bin/cmake --build /home/dayvson/ros2_study_ws/build/cpp_pubsub -- -j12 -l12
[1.951s] [35m[1mScanning dependencies of target talker[0m
[1.953s] [ 50%] [32mBuilding CXX object CMakeFiles/talker.dir/src/publisher_member_function.cpp.o[0m
[2.535s] [01m[K/home/dayvson/ros2_study_ws/src/cpp_pubsub/src/publisher_member_function.cpp:33:24:[m[K [01;31m[Kerror: [m[Kâ€˜[01m[KSharePtr[m[Kâ€™ in â€˜[01m[Kclass rclcpp::TimerBase[m[Kâ€™ does not name a type
[2.536s]    33 |     rclcpp::TimerBase::[01;31m[KSharePtr[m[K timer_;
[2.536s]       |                        [01;31m[K^~~~~~~~[m[K
[2.541s] [01m[K/home/dayvson/ros2_study_ws/src/cpp_pubsub/src/publisher_member_function.cpp:34:47:[m[K [01;31m[Kerror: [m[Kâ€˜[01m[KSharePtr[m[Kâ€™ in â€˜[01m[Kclass rclcpp::Publisher<std_msgs::msg::String_<std::allocator<void> > >[m[Kâ€™ does not name a type
[2.541s]    34 |     rclcpp::Publisher<std_msgs::msg::String>::[01;31m[KSharePtr[m[K publisher_;
[2.541s]       |                                               [01;31m[K^~~~~~~~[m[K
[2.545s] [01m[K/home/dayvson/ros2_study_ws/src/cpp_pubsub/src/publisher_member_function.cpp:[m[K In constructor â€˜[01m[KMinimalPublisher::MinimalPublisher()[m[Kâ€™:
[2.546s] [01m[K/home/dayvson/ros2_study_ws/src/cpp_pubsub/src/publisher_member_function.cpp:20:9:[m[K [01;31m[Kerror: [m[Kâ€˜[01m[Kpublisher_[m[Kâ€™ was not declared in this scope; did you mean â€˜[01m[Krcl_publisher_t[m[Kâ€™?
[2.546s]    20 |         [01;31m[Kpublisher_[m[K = this->create_publisher<std_msgs::msg::String>("topic", 10);
[2.546s]       |         [01;31m[K^~~~~~~~~~[m[K
[2.546s]       |         [32m[Krcl_publisher_t[m[K
[2.553s] [01m[K/home/dayvson/ros2_study_ws/src/cpp_pubsub/src/publisher_member_function.cpp:21:9:[m[K [01;31m[Kerror: [m[Kâ€˜[01m[Ktimer_[m[Kâ€™ was not declared in this scope; did you mean â€˜[01m[Ktimer_t[m[Kâ€™?
[2.553s]    21 |         [01;31m[Ktimer_[m[K = this->create_wall_timer(
[2.554s]       |         [01;31m[K^~~~~~[m[K
[2.554s]       |         [32m[Ktimer_t[m[K
[2.570s] [01m[K/home/dayvson/ros2_study_ws/src/cpp_pubsub/src/publisher_member_function.cpp:[m[K In member function â€˜[01m[Kvoid MinimalPublisher::timer_callback()[m[Kâ€™:
[2.571s] [01m[K/home/dayvson/ros2_study_ws/src/cpp_pubsub/src/publisher_member_function.cpp:29:48:[m[K [01;31m[Kerror: [m[Kâ€˜[01m[Kto_strig[m[Kâ€™ is not a member of â€˜[01m[Kstd[m[Kâ€™; did you mean â€˜[01m[Kto_string[m[Kâ€™?
[2.571s]    29 |         message.data = "Hello, world! " + std::[01;31m[Kto_strig[m[K(count_++);
[2.571s]       |                                                [01;31m[K^~~~~~~~[m[K
[2.571s]       |                                                [32m[Kto_string[m[K
[2.575s] [01m[K/home/dayvson/ros2_study_ws/src/cpp_pubsub/src/publisher_member_function.cpp:31:9:[m[K [01;31m[Kerror: [m[Kâ€˜[01m[Kpublisher_[m[Kâ€™ was not declared in this scope; did you mean â€˜[01m[Krcl_publisher_t[m[Kâ€™?
[2.576s]    31 |         [01;31m[Kpublisher_[m[K->publish(message);
[2.576s]       |         [01;31m[K^~~~~~~~~~[m[K
[2.576s]       |         [32m[Krcl_publisher_t[m[K
[3.914s] make[2]: *** [CMakeFiles/talker.dir/build.make:63: CMakeFiles/talker.dir/src/publisher_member_function.cpp.o] Error 1
[3.915s] make[1]: *** [CMakeFiles/Makefile2:78: CMakeFiles/talker.dir/all] Error 2
[3.915s] make: *** [Makefile:141: all] Error 2
[3.919s] Invoked command in '/home/dayvson/ros2_study_ws/build/cpp_pubsub' returned '2': CMAKE_PREFIX_PATH=${CMAKE_PREFIX_PATH}:/home/dayvson/ros2_study_ws/install/my_package_python:/opt/ros/galactic /usr/bin/cmake --build /home/dayvson/ros2_study_ws/build/cpp_pubsub -- -j12 -l12
